<?xml version="1.0" encoding="UTF-8"?>
<testsuites>
  <testsuite name="/app/phpunit.xml" tests="96" assertions="242" errors="0" failures="0" skipped="0" time="1.018440">
    <testsuite name="Unit Tests" tests="96" assertions="242" errors="0" failures="0" skipped="0" time="1.018440">
      <testsuite name="RagApi\PhpClient\Tests\Unit\Auth\JwtAuthenticatorTest" file="/app/tests/Unit/Auth/JwtAuthenticatorTest.php" tests="16" assertions="34" errors="0" failures="0" skipped="0" time="1.007675">
        <testcase name="testConstructorWithValidToken" file="/app/tests/Unit/Auth/JwtAuthenticatorTest.php" line="21" class="RagApi\PhpClient\Tests\Unit\Auth\JwtAuthenticatorTest" classname="RagApi.PhpClient.Tests.Unit.Auth.JwtAuthenticatorTest" assertions="1" time="0.001244"/>
        <testcase name="testConstructorWithEmptyToken" file="/app/tests/Unit/Auth/JwtAuthenticatorTest.php" line="27" class="RagApi\PhpClient\Tests\Unit\Auth\JwtAuthenticatorTest" classname="RagApi.PhpClient.Tests.Unit.Auth.JwtAuthenticatorTest" assertions="2" time="0.000290"/>
        <testcase name="testConstructorWithInvalidTokenFormat" file="/app/tests/Unit/Auth/JwtAuthenticatorTest.php" line="35" class="RagApi\PhpClient\Tests\Unit\Auth\JwtAuthenticatorTest" classname="RagApi.PhpClient.Tests.Unit.Auth.JwtAuthenticatorTest" assertions="2" time="0.000088"/>
        <testcase name="testGetHeaders" file="/app/tests/Unit/Auth/JwtAuthenticatorTest.php" line="43" class="RagApi\PhpClient\Tests\Unit\Auth\JwtAuthenticatorTest" classname="RagApi.PhpClient.Tests.Unit.Auth.JwtAuthenticatorTest" assertions="4" time="0.000294"/>
        <testcase name="testGetTenantId" file="/app/tests/Unit/Auth/JwtAuthenticatorTest.php" line="54" class="RagApi\PhpClient\Tests\Unit\Auth\JwtAuthenticatorTest" classname="RagApi.PhpClient.Tests.Unit.Auth.JwtAuthenticatorTest" assertions="1" time="0.000072"/>
        <testcase name="testIsTokenValid" file="/app/tests/Unit/Auth/JwtAuthenticatorTest.php" line="62" class="RagApi\PhpClient\Tests\Unit\Auth\JwtAuthenticatorTest" classname="RagApi.PhpClient.Tests.Unit.Auth.JwtAuthenticatorTest" assertions="1" time="0.000083"/>
        <testcase name="testIsTokenValidWithExpiredToken" file="/app/tests/Unit/Auth/JwtAuthenticatorTest.php" line="68" class="RagApi\PhpClient\Tests\Unit\Auth\JwtAuthenticatorTest" classname="RagApi.PhpClient.Tests.Unit.Auth.JwtAuthenticatorTest" assertions="1" time="1.000686"/>
        <testcase name="testGetTokenPayload" file="/app/tests/Unit/Auth/JwtAuthenticatorTest.php" line="80" class="RagApi\PhpClient\Tests\Unit\Auth\JwtAuthenticatorTest" classname="RagApi.PhpClient.Tests.Unit.Auth.JwtAuthenticatorTest" assertions="10" time="0.001330"/>
        <testcase name="testGenerateTestToken" file="/app/tests/Unit/Auth/JwtAuthenticatorTest.php" line="98" class="RagApi\PhpClient\Tests\Unit\Auth\JwtAuthenticatorTest" classname="RagApi.PhpClient.Tests.Unit.Auth.JwtAuthenticatorTest" assertions="4" time="0.001739"/>
        <testcase name="testGenerateTestTokenWithCustomExpiration" file="/app/tests/Unit/Auth/JwtAuthenticatorTest.php" line="112" class="RagApi\PhpClient\Tests\Unit\Auth\JwtAuthenticatorTest" classname="RagApi.PhpClient.Tests.Unit.Auth.JwtAuthenticatorTest" assertions="1" time="0.000314"/>
        <testcase name="testGetTenantIdWithInvalidPayload" file="/app/tests/Unit/Auth/JwtAuthenticatorTest.php" line="122" class="RagApi\PhpClient\Tests\Unit\Auth\JwtAuthenticatorTest" classname="RagApi.PhpClient.Tests.Unit.Auth.JwtAuthenticatorTest" assertions="1" time="0.000219"/>
        <testcase name="testDecodeTokenWithInvalidToken" file="/app/tests/Unit/Auth/JwtAuthenticatorTest.php" line="131" class="RagApi\PhpClient\Tests\Unit\Auth\JwtAuthenticatorTest" classname="RagApi.PhpClient.Tests.Unit.Auth.JwtAuthenticatorTest" assertions="2" time="0.000231"/>
        <testsuite name="RagApi\PhpClient\Tests\Unit\Auth\JwtAuthenticatorTest::testTokenValidationScenarios" tests="4" assertions="4" errors="0" failures="0" skipped="0" time="0.001086">
          <testcase name="testTokenValidationScenarios with data set &quot;valid_token&quot;" file="/app/tests/Unit/Auth/JwtAuthenticatorTest.php" line="151" class="RagApi\PhpClient\Tests\Unit\Auth\JwtAuthenticatorTest" classname="RagApi.PhpClient.Tests.Unit.Auth.JwtAuthenticatorTest" assertions="1" time="0.000337"/>
          <testcase name="testTokenValidationScenarios with data set &quot;expired_token&quot;" file="/app/tests/Unit/Auth/JwtAuthenticatorTest.php" line="151" class="RagApi\PhpClient\Tests\Unit\Auth\JwtAuthenticatorTest" classname="RagApi.PhpClient.Tests.Unit.Auth.JwtAuthenticatorTest" assertions="1" time="0.000273"/>
          <testcase name="testTokenValidationScenarios with data set &quot;not_before_future&quot;" file="/app/tests/Unit/Auth/JwtAuthenticatorTest.php" line="151" class="RagApi\PhpClient\Tests\Unit\Auth\JwtAuthenticatorTest" classname="RagApi.PhpClient.Tests.Unit.Auth.JwtAuthenticatorTest" assertions="1" time="0.000249"/>
          <testcase name="testTokenValidationScenarios with data set &quot;not_before_past&quot;" file="/app/tests/Unit/Auth/JwtAuthenticatorTest.php" line="151" class="RagApi\PhpClient\Tests\Unit\Auth\JwtAuthenticatorTest" classname="RagApi.PhpClient.Tests.Unit.Auth.JwtAuthenticatorTest" assertions="1" time="0.000227"/>
        </testsuite>
      </testsuite>
      <testsuite name="RagApi\PhpClient\Tests\Unit\Models\Request\AskRequestTest" file="/app/tests/Unit/Models/Request/AskRequestTest.php" tests="31" assertions="48" errors="0" failures="0" skipped="0" time="0.004829">
        <testcase name="testConstructorWithValidData" file="/app/tests/Unit/Models/Request/AskRequestTest.php" line="13" class="RagApi\PhpClient\Tests\Unit\Models\Request\AskRequestTest" classname="RagApi.PhpClient.Tests.Unit.Models.Request.AskRequestTest" assertions="3" time="0.000496"/>
        <testcase name="testConstructorWithDefaultValues" file="/app/tests/Unit/Models/Request/AskRequestTest.php" line="26" class="RagApi\PhpClient\Tests\Unit\Models\Request\AskRequestTest" classname="RagApi.PhpClient.Tests.Unit.Models.Request.AskRequestTest" assertions="3" time="0.000256"/>
        <testcase name="testSetQuestionWithValidInput" file="/app/tests/Unit/Models/Request/AskRequestTest.php" line="36" class="RagApi\PhpClient\Tests\Unit\Models\Request\AskRequestTest" classname="RagApi.PhpClient.Tests.Unit.Models.Request.AskRequestTest" assertions="1" time="0.000125"/>
        <testcase name="testSetQuestionWithShortInput" file="/app/tests/Unit/Models/Request/AskRequestTest.php" line="46" class="RagApi\PhpClient\Tests\Unit\Models\Request\AskRequestTest" classname="RagApi.PhpClient.Tests.Unit.Models.Request.AskRequestTest" assertions="2" time="0.000187"/>
        <testcase name="testSetQuestionWithEmptyInput" file="/app/tests/Unit/Models/Request/AskRequestTest.php" line="55" class="RagApi\PhpClient\Tests\Unit\Models\Request\AskRequestTest" classname="RagApi.PhpClient.Tests.Unit.Models.Request.AskRequestTest" assertions="2" time="0.000135"/>
        <testcase name="testConstructorWithShortQuestion" file="/app/tests/Unit/Models/Request/AskRequestTest.php" line="64" class="RagApi\PhpClient\Tests\Unit\Models\Request\AskRequestTest" classname="RagApi.PhpClient.Tests.Unit.Models.Request.AskRequestTest" assertions="2" time="0.000133"/>
        <testcase name="testSetLimitWithValidValues" file="/app/tests/Unit/Models/Request/AskRequestTest.php" line="72" class="RagApi\PhpClient\Tests\Unit\Models\Request\AskRequestTest" classname="RagApi.PhpClient.Tests.Unit.Models.Request.AskRequestTest" assertions="3" time="0.000133"/>
        <testcase name="testSetLimitWithInvalidLowValue" file="/app/tests/Unit/Models/Request/AskRequestTest.php" line="86" class="RagApi\PhpClient\Tests\Unit\Models\Request\AskRequestTest" classname="RagApi.PhpClient.Tests.Unit.Models.Request.AskRequestTest" assertions="2" time="0.000130"/>
        <testcase name="testSetLimitWithInvalidHighValue" file="/app/tests/Unit/Models/Request/AskRequestTest.php" line="95" class="RagApi\PhpClient\Tests\Unit\Models\Request\AskRequestTest" classname="RagApi.PhpClient.Tests.Unit.Models.Request.AskRequestTest" assertions="2" time="0.000128"/>
        <testcase name="testConstructorWithInvalidLimit" file="/app/tests/Unit/Models/Request/AskRequestTest.php" line="104" class="RagApi\PhpClient\Tests\Unit\Models\Request\AskRequestTest" classname="RagApi.PhpClient.Tests.Unit.Models.Request.AskRequestTest" assertions="2" time="0.000134"/>
        <testcase name="testSetFilters" file="/app/tests/Unit/Models/Request/AskRequestTest.php" line="112" class="RagApi\PhpClient\Tests\Unit\Models\Request\AskRequestTest" classname="RagApi.PhpClient.Tests.Unit.Models.Request.AskRequestTest" assertions="1" time="0.000151"/>
        <testcase name="testSetFiltersToNull" file="/app/tests/Unit/Models/Request/AskRequestTest.php" line="126" class="RagApi\PhpClient\Tests\Unit\Models\Request\AskRequestTest" classname="RagApi.PhpClient.Tests.Unit.Models.Request.AskRequestTest" assertions="1" time="0.000109"/>
        <testcase name="testToArray" file="/app/tests/Unit/Models/Request/AskRequestTest.php" line="135" class="RagApi\PhpClient\Tests\Unit\Models\Request\AskRequestTest" classname="RagApi.PhpClient.Tests.Unit.Models.Request.AskRequestTest" assertions="1" time="0.000161"/>
        <testcase name="testToArrayWithoutFilters" file="/app/tests/Unit/Models/Request/AskRequestTest.php" line="153" class="RagApi\PhpClient\Tests\Unit\Models\Request\AskRequestTest" classname="RagApi.PhpClient.Tests.Unit.Models.Request.AskRequestTest" assertions="2" time="0.000189"/>
        <testcase name="testFromArray" file="/app/tests/Unit/Models/Request/AskRequestTest.php" line="170" class="RagApi\PhpClient\Tests\Unit\Models\Request\AskRequestTest" classname="RagApi.PhpClient.Tests.Unit.Models.Request.AskRequestTest" assertions="3" time="0.000175"/>
        <testcase name="testFromArrayWithDefaults" file="/app/tests/Unit/Models/Request/AskRequestTest.php" line="185" class="RagApi\PhpClient\Tests\Unit\Models\Request\AskRequestTest" classname="RagApi.PhpClient.Tests.Unit.Models.Request.AskRequestTest" assertions="3" time="0.000152"/>
        <testcase name="testFromArrayWithInvalidData" file="/app/tests/Unit/Models/Request/AskRequestTest.php" line="198" class="RagApi\PhpClient\Tests\Unit\Models\Request\AskRequestTest" classname="RagApi.PhpClient.Tests.Unit.Models.Request.AskRequestTest" assertions="1" time="0.000135"/>
        <testsuite name="RagApi\PhpClient\Tests\Unit\Models\Request\AskRequestTest::testQuestionValidation" tests="7" assertions="7" errors="0" failures="0" skipped="0" time="0.001065">
          <testcase name="testQuestionValidation with data set &quot;valid_short_question&quot;" file="/app/tests/Unit/Models/Request/AskRequestTest.php" line="213" class="RagApi\PhpClient\Tests\Unit\Models\Request\AskRequestTest" classname="RagApi.PhpClient.Tests.Unit.Models.Request.AskRequestTest" assertions="1" time="0.000198"/>
          <testcase name="testQuestionValidation with data set &quot;valid_long_question&quot;" file="/app/tests/Unit/Models/Request/AskRequestTest.php" line="213" class="RagApi\PhpClient\Tests\Unit\Models\Request\AskRequestTest" classname="RagApi.PhpClient.Tests.Unit.Models.Request.AskRequestTest" assertions="1" time="0.000196"/>
          <testcase name="testQuestionValidation with data set &quot;valid_with_whitespace&quot;" file="/app/tests/Unit/Models/Request/AskRequestTest.php" line="213" class="RagApi\PhpClient\Tests\Unit\Models\Request\AskRequestTest" classname="RagApi.PhpClient.Tests.Unit.Models.Request.AskRequestTest" assertions="1" time="0.000136"/>
          <testcase name="testQuestionValidation with data set &quot;invalid_too_short&quot;" file="/app/tests/Unit/Models/Request/AskRequestTest.php" line="213" class="RagApi\PhpClient\Tests\Unit\Models\Request\AskRequestTest" classname="RagApi.PhpClient.Tests.Unit.Models.Request.AskRequestTest" assertions="1" time="0.000142"/>
          <testcase name="testQuestionValidation with data set &quot;invalid_empty&quot;" file="/app/tests/Unit/Models/Request/AskRequestTest.php" line="213" class="RagApi\PhpClient\Tests\Unit\Models\Request\AskRequestTest" classname="RagApi.PhpClient.Tests.Unit.Models.Request.AskRequestTest" assertions="1" time="0.000138"/>
          <testcase name="testQuestionValidation with data set &quot;invalid_only_spaces&quot;" file="/app/tests/Unit/Models/Request/AskRequestTest.php" line="213" class="RagApi\PhpClient\Tests\Unit\Models\Request\AskRequestTest" classname="RagApi.PhpClient.Tests.Unit.Models.Request.AskRequestTest" assertions="1" time="0.000126"/>
          <testcase name="testQuestionValidation with data set &quot;valid_exactly_3_chars&quot;" file="/app/tests/Unit/Models/Request/AskRequestTest.php" line="213" class="RagApi\PhpClient\Tests\Unit\Models\Request\AskRequestTest" classname="RagApi.PhpClient.Tests.Unit.Models.Request.AskRequestTest" assertions="1" time="0.000129"/>
        </testsuite>
        <testsuite name="RagApi\PhpClient\Tests\Unit\Models\Request\AskRequestTest::testLimitValidation" tests="7" assertions="7" errors="0" failures="0" skipped="0" time="0.000836">
          <testcase name="testLimitValidation with data set &quot;valid_min&quot;" file="/app/tests/Unit/Models/Request/AskRequestTest.php" line="242" class="RagApi\PhpClient\Tests\Unit\Models\Request\AskRequestTest" classname="RagApi.PhpClient.Tests.Unit.Models.Request.AskRequestTest" assertions="1" time="0.000130"/>
          <testcase name="testLimitValidation with data set &quot;valid_max&quot;" file="/app/tests/Unit/Models/Request/AskRequestTest.php" line="242" class="RagApi\PhpClient\Tests\Unit\Models\Request\AskRequestTest" classname="RagApi.PhpClient.Tests.Unit.Models.Request.AskRequestTest" assertions="1" time="0.000119"/>
          <testcase name="testLimitValidation with data set &quot;valid_middle&quot;" file="/app/tests/Unit/Models/Request/AskRequestTest.php" line="242" class="RagApi\PhpClient\Tests\Unit\Models\Request\AskRequestTest" classname="RagApi.PhpClient.Tests.Unit.Models.Request.AskRequestTest" assertions="1" time="0.000129"/>
          <testcase name="testLimitValidation with data set &quot;invalid_zero&quot;" file="/app/tests/Unit/Models/Request/AskRequestTest.php" line="242" class="RagApi\PhpClient\Tests\Unit\Models\Request\AskRequestTest" classname="RagApi.PhpClient.Tests.Unit.Models.Request.AskRequestTest" assertions="1" time="0.000124"/>
          <testcase name="testLimitValidation with data set &quot;invalid_negative&quot;" file="/app/tests/Unit/Models/Request/AskRequestTest.php" line="242" class="RagApi\PhpClient\Tests\Unit\Models\Request\AskRequestTest" classname="RagApi.PhpClient.Tests.Unit.Models.Request.AskRequestTest" assertions="1" time="0.000119"/>
          <testcase name="testLimitValidation with data set &quot;invalid_too_high&quot;" file="/app/tests/Unit/Models/Request/AskRequestTest.php" line="242" class="RagApi\PhpClient\Tests\Unit\Models\Request\AskRequestTest" classname="RagApi.PhpClient.Tests.Unit.Models.Request.AskRequestTest" assertions="1" time="0.000109"/>
          <testcase name="testLimitValidation with data set &quot;invalid_very_high&quot;" file="/app/tests/Unit/Models/Request/AskRequestTest.php" line="242" class="RagApi\PhpClient\Tests\Unit\Models\Request\AskRequestTest" classname="RagApi.PhpClient.Tests.Unit.Models.Request.AskRequestTest" assertions="1" time="0.000107"/>
        </testsuite>
      </testsuite>
      <testsuite name="RagApi\PhpClient\Tests\Unit\Models\Request\IndexDocumentRequestTest" file="/app/tests/Unit/Models/Request/IndexDocumentRequestTest.php" tests="30" assertions="65" errors="0" failures="0" skipped="0" time="0.003851">
        <testcase name="testConstructorWithValidData" file="/app/tests/Unit/Models/Request/IndexDocumentRequestTest.php" line="24" class="RagApi\PhpClient\Tests\Unit\Models\Request\IndexDocumentRequestTest" classname="RagApi.PhpClient.Tests.Unit.Models.Request.IndexDocumentRequestTest" assertions="5" time="0.000636"/>
        <testcase name="testConstructorWithMinimalData" file="/app/tests/Unit/Models/Request/IndexDocumentRequestTest.php" line="46" class="RagApi\PhpClient\Tests\Unit\Models\Request\IndexDocumentRequestTest" classname="RagApi.PhpClient.Tests.Unit.Models.Request.IndexDocumentRequestTest" assertions="5" time="0.000146"/>
        <testcase name="testSetDocumentIdWithValidValues" file="/app/tests/Unit/Models/Request/IndexDocumentRequestTest.php" line="64" class="RagApi\PhpClient\Tests\Unit\Models\Request\IndexDocumentRequestTest" classname="RagApi.PhpClient.Tests.Unit.Models.Request.IndexDocumentRequestTest" assertions="3" time="0.000109"/>
        <testcase name="testSetDocumentIdWithEmptyString" file="/app/tests/Unit/Models/Request/IndexDocumentRequestTest.php" line="79" class="RagApi\PhpClient\Tests\Unit\Models\Request\IndexDocumentRequestTest" classname="RagApi.PhpClient.Tests.Unit.Models.Request.IndexDocumentRequestTest" assertions="2" time="0.000112"/>
        <testcase name="testSetDocumentIdWithWhitespace" file="/app/tests/Unit/Models/Request/IndexDocumentRequestTest.php" line="88" class="RagApi\PhpClient\Tests\Unit\Models\Request\IndexDocumentRequestTest" classname="RagApi.PhpClient.Tests.Unit.Models.Request.IndexDocumentRequestTest" assertions="2" time="0.000101"/>
        <testcase name="testConstructorWithEmptyDocumentId" file="/app/tests/Unit/Models/Request/IndexDocumentRequestTest.php" line="97" class="RagApi\PhpClient\Tests\Unit\Models\Request\IndexDocumentRequestTest" classname="RagApi.PhpClient.Tests.Unit.Models.Request.IndexDocumentRequestTest" assertions="2" time="0.000110"/>
        <testcase name="testSetTenantIdWithValidValues" file="/app/tests/Unit/Models/Request/IndexDocumentRequestTest.php" line="105" class="RagApi\PhpClient\Tests\Unit\Models\Request\IndexDocumentRequestTest" classname="RagApi.PhpClient.Tests.Unit.Models.Request.IndexDocumentRequestTest" assertions="3" time="0.000104"/>
        <testcase name="testSetTenantIdWithEmptyString" file="/app/tests/Unit/Models/Request/IndexDocumentRequestTest.php" line="119" class="RagApi\PhpClient\Tests\Unit\Models\Request\IndexDocumentRequestTest" classname="RagApi.PhpClient.Tests.Unit.Models.Request.IndexDocumentRequestTest" assertions="2" time="0.000101"/>
        <testcase name="testSetTenantIdWithWhitespace" file="/app/tests/Unit/Models/Request/IndexDocumentRequestTest.php" line="128" class="RagApi\PhpClient\Tests\Unit\Models\Request\IndexDocumentRequestTest" classname="RagApi.PhpClient.Tests.Unit.Models.Request.IndexDocumentRequestTest" assertions="2" time="0.000096"/>
        <testcase name="testConstructorWithEmptyTenantId" file="/app/tests/Unit/Models/Request/IndexDocumentRequestTest.php" line="137" class="RagApi\PhpClient\Tests\Unit\Models\Request\IndexDocumentRequestTest" classname="RagApi.PhpClient.Tests.Unit.Models.Request.IndexDocumentRequestTest" assertions="2" time="0.000098"/>
        <testcase name="testSetContent" file="/app/tests/Unit/Models/Request/IndexDocumentRequestTest.php" line="145" class="RagApi\PhpClient\Tests\Unit\Models\Request\IndexDocumentRequestTest" classname="RagApi.PhpClient.Tests.Unit.Models.Request.IndexDocumentRequestTest" assertions="2" time="0.000091"/>
        <testcase name="testSetDocumentInfo" file="/app/tests/Unit/Models/Request/IndexDocumentRequestTest.php" line="157" class="RagApi\PhpClient\Tests\Unit\Models\Request\IndexDocumentRequestTest" classname="RagApi.PhpClient.Tests.Unit.Models.Request.IndexDocumentRequestTest" assertions="1" time="0.000080"/>
        <testcase name="testSetMetadata" file="/app/tests/Unit/Models/Request/IndexDocumentRequestTest.php" line="166" class="RagApi\PhpClient\Tests\Unit\Models\Request\IndexDocumentRequestTest" classname="RagApi.PhpClient.Tests.Unit.Models.Request.IndexDocumentRequestTest" assertions="2" time="0.000128"/>
        <testcase name="testToArray" file="/app/tests/Unit/Models/Request/IndexDocumentRequestTest.php" line="184" class="RagApi\PhpClient\Tests\Unit\Models\Request\IndexDocumentRequestTest" classname="RagApi.PhpClient.Tests.Unit.Models.Request.IndexDocumentRequestTest" assertions="1" time="0.000186"/>
        <testcase name="testToArrayWithoutOptionalFields" file="/app/tests/Unit/Models/Request/IndexDocumentRequestTest.php" line="212" class="RagApi\PhpClient\Tests\Unit\Models\Request\IndexDocumentRequestTest" classname="RagApi.PhpClient.Tests.Unit.Models.Request.IndexDocumentRequestTest" assertions="3" time="0.000261"/>
        <testcase name="testFromArray" file="/app/tests/Unit/Models/Request/IndexDocumentRequestTest.php" line="236" class="RagApi\PhpClient\Tests\Unit\Models\Request\IndexDocumentRequestTest" classname="RagApi.PhpClient.Tests.Unit.Models.Request.IndexDocumentRequestTest" assertions="6" time="0.000196"/>
        <testcase name="testFromArrayWithMinimalData" file="/app/tests/Unit/Models/Request/IndexDocumentRequestTest.php" line="261" class="RagApi\PhpClient\Tests\Unit\Models\Request\IndexDocumentRequestTest" classname="RagApi.PhpClient.Tests.Unit.Models.Request.IndexDocumentRequestTest" assertions="4" time="0.000139"/>
        <testcase name="testFromArrayWithInvalidDocumentId" file="/app/tests/Unit/Models/Request/IndexDocumentRequestTest.php" line="280" class="RagApi\PhpClient\Tests\Unit\Models\Request\IndexDocumentRequestTest" classname="RagApi.PhpClient.Tests.Unit.Models.Request.IndexDocumentRequestTest" assertions="2" time="0.000097"/>
        <testsuite name="RagApi\PhpClient\Tests\Unit\Models\Request\IndexDocumentRequestTest::testDocumentIdValidation" tests="6" assertions="8" errors="0" failures="0" skipped="0" time="0.000566">
          <testcase name="testDocumentIdValidation with data set &quot;valid_string&quot;" file="/app/tests/Unit/Models/Request/IndexDocumentRequestTest.php" line="300" class="RagApi\PhpClient\Tests\Unit\Models\Request\IndexDocumentRequestTest" classname="RagApi.PhpClient.Tests.Unit.Models.Request.IndexDocumentRequestTest" assertions="1" time="0.000111"/>
          <testcase name="testDocumentIdValidation with data set &quot;valid_numeric_string&quot;" file="/app/tests/Unit/Models/Request/IndexDocumentRequestTest.php" line="300" class="RagApi\PhpClient\Tests\Unit\Models\Request\IndexDocumentRequestTest" classname="RagApi.PhpClient.Tests.Unit.Models.Request.IndexDocumentRequestTest" assertions="1" time="0.000091"/>
          <testcase name="testDocumentIdValidation with data set &quot;valid_with_spaces&quot;" file="/app/tests/Unit/Models/Request/IndexDocumentRequestTest.php" line="300" class="RagApi\PhpClient\Tests\Unit\Models\Request\IndexDocumentRequestTest" classname="RagApi.PhpClient.Tests.Unit.Models.Request.IndexDocumentRequestTest" assertions="1" time="0.000086"/>
          <testcase name="testDocumentIdValidation with data set &quot;valid_special_chars&quot;" file="/app/tests/Unit/Models/Request/IndexDocumentRequestTest.php" line="300" class="RagApi\PhpClient\Tests\Unit\Models\Request\IndexDocumentRequestTest" classname="RagApi.PhpClient.Tests.Unit.Models.Request.IndexDocumentRequestTest" assertions="1" time="0.000083"/>
          <testcase name="testDocumentIdValidation with data set &quot;invalid_empty&quot;" file="/app/tests/Unit/Models/Request/IndexDocumentRequestTest.php" line="300" class="RagApi\PhpClient\Tests\Unit\Models\Request\IndexDocumentRequestTest" classname="RagApi.PhpClient.Tests.Unit.Models.Request.IndexDocumentRequestTest" assertions="2" time="0.000099"/>
          <testcase name="testDocumentIdValidation with data set &quot;invalid_only_spaces&quot;" file="/app/tests/Unit/Models/Request/IndexDocumentRequestTest.php" line="300" class="RagApi\PhpClient\Tests\Unit\Models\Request\IndexDocumentRequestTest" classname="RagApi.PhpClient.Tests.Unit.Models.Request.IndexDocumentRequestTest" assertions="2" time="0.000096"/>
        </testsuite>
        <testsuite name="RagApi\PhpClient\Tests\Unit\Models\Request\IndexDocumentRequestTest::testTenantIdValidation" tests="6" assertions="8" errors="0" failures="0" skipped="0" time="0.000495">
          <testcase name="testTenantIdValidation with data set &quot;valid_string&quot;" file="/app/tests/Unit/Models/Request/IndexDocumentRequestTest.php" line="333" class="RagApi\PhpClient\Tests\Unit\Models\Request\IndexDocumentRequestTest" classname="RagApi.PhpClient.Tests.Unit.Models.Request.IndexDocumentRequestTest" assertions="1" time="0.000096"/>
          <testcase name="testTenantIdValidation with data set &quot;valid_numeric_string&quot;" file="/app/tests/Unit/Models/Request/IndexDocumentRequestTest.php" line="333" class="RagApi\PhpClient\Tests\Unit\Models\Request\IndexDocumentRequestTest" classname="RagApi.PhpClient.Tests.Unit.Models.Request.IndexDocumentRequestTest" assertions="1" time="0.000077"/>
          <testcase name="testTenantIdValidation with data set &quot;valid_with_spaces&quot;" file="/app/tests/Unit/Models/Request/IndexDocumentRequestTest.php" line="333" class="RagApi\PhpClient\Tests\Unit\Models\Request\IndexDocumentRequestTest" classname="RagApi.PhpClient.Tests.Unit.Models.Request.IndexDocumentRequestTest" assertions="1" time="0.000076"/>
          <testcase name="testTenantIdValidation with data set &quot;valid_special_chars&quot;" file="/app/tests/Unit/Models/Request/IndexDocumentRequestTest.php" line="333" class="RagApi\PhpClient\Tests\Unit\Models\Request\IndexDocumentRequestTest" classname="RagApi.PhpClient.Tests.Unit.Models.Request.IndexDocumentRequestTest" assertions="1" time="0.000075"/>
          <testcase name="testTenantIdValidation with data set &quot;invalid_empty&quot;" file="/app/tests/Unit/Models/Request/IndexDocumentRequestTest.php" line="333" class="RagApi\PhpClient\Tests\Unit\Models\Request\IndexDocumentRequestTest" classname="RagApi.PhpClient.Tests.Unit.Models.Request.IndexDocumentRequestTest" assertions="2" time="0.000087"/>
          <testcase name="testTenantIdValidation with data set &quot;invalid_only_spaces&quot;" file="/app/tests/Unit/Models/Request/IndexDocumentRequestTest.php" line="333" class="RagApi\PhpClient\Tests\Unit\Models\Request\IndexDocumentRequestTest" classname="RagApi.PhpClient.Tests.Unit.Models.Request.IndexDocumentRequestTest" assertions="2" time="0.000084"/>
        </testsuite>
      </testsuite>
      <testsuite name="RagApi\PhpClient\Tests\Unit\Models\Response\AskResponseTest" file="/app/tests/Unit/Models/Response/AskResponseTest.php" tests="19" assertions="95" errors="0" failures="0" skipped="0" time="0.002085">
        <testcase name="testConstructorWithMinimalData" file="/app/tests/Unit/Models/Response/AskResponseTest.php" line="62" class="RagApi\PhpClient\Tests\Unit\Models\Response\AskResponseTest" classname="RagApi.PhpClient.Tests.Unit.Models.Response.AskResponseTest" assertions="13" time="0.000496"/>
        <testcase name="testConstructorWithFullData" file="/app/tests/Unit/Models/Response/AskResponseTest.php" line="90" class="RagApi\PhpClient\Tests\Unit\Models\Response\AskResponseTest" classname="RagApi.PhpClient.Tests.Unit.Models.Response.AskResponseTest" assertions="13" time="0.000187"/>
        <testcase name="testIsSuccessful" file="/app/tests/Unit/Models/Response/AskResponseTest.php" line="123" class="RagApi\PhpClient\Tests\Unit\Models\Response\AskResponseTest" classname="RagApi.PhpClient.Tests.Unit.Models.Response.AskResponseTest" assertions="3" time="0.000068"/>
        <testcase name="testHasHighConfidence" file="/app/tests/Unit/Models/Response/AskResponseTest.php" line="137" class="RagApi\PhpClient\Tests\Unit\Models\Response\AskResponseTest" classname="RagApi.PhpClient.Tests.Unit.Models.Response.AskResponseTest" assertions="6" time="0.000077"/>
        <testcase name="testFromArrayWithMinimalData" file="/app/tests/Unit/Models/Response/AskResponseTest.php" line="170" class="RagApi\PhpClient\Tests\Unit\Models\Response\AskResponseTest" classname="RagApi.PhpClient.Tests.Unit.Models.Response.AskResponseTest" assertions="6" time="0.000083"/>
        <testcase name="testFromArrayWithFullData" file="/app/tests/Unit/Models/Response/AskResponseTest.php" line="182" class="RagApi\PhpClient\Tests\Unit\Models\Response\AskResponseTest" classname="RagApi.PhpClient.Tests.Unit.Models.Response.AskResponseTest" assertions="13" time="0.000146"/>
        <testcase name="testToArrayWithMinimalData" file="/app/tests/Unit/Models/Response/AskResponseTest.php" line="201" class="RagApi\PhpClient\Tests\Unit\Models\Response\AskResponseTest" classname="RagApi.PhpClient.Tests.Unit.Models.Response.AskResponseTest" assertions="13" time="0.000190"/>
        <testcase name="testToArrayWithFullData" file="/app/tests/Unit/Models/Response/AskResponseTest.php" line="223" class="RagApi\PhpClient\Tests\Unit\Models\Response\AskResponseTest" classname="RagApi.PhpClient.Tests.Unit.Models.Response.AskResponseTest" assertions="1" time="0.000124"/>
        <testcase name="testRoundTripSerialization" file="/app/tests/Unit/Models/Response/AskResponseTest.php" line="231" class="RagApi\PhpClient\Tests\Unit\Models\Response\AskResponseTest" classname="RagApi.PhpClient.Tests.Unit.Models.Response.AskResponseTest" assertions="7" time="0.000091"/>
        <testsuite name="RagApi\PhpClient\Tests\Unit\Models\Response\AskResponseTest::testConfidenceLevelMethods" tests="5" assertions="10" errors="0" failures="0" skipped="0" time="0.000327">
          <testcase name="testConfidenceLevelMethods with data set &quot;very_high&quot;" file="/app/tests/Unit/Models/Response/AskResponseTest.php" line="256" class="RagApi\PhpClient\Tests\Unit\Models\Response\AskResponseTest" classname="RagApi.PhpClient.Tests.Unit.Models.Response.AskResponseTest" assertions="2" time="0.000082"/>
          <testcase name="testConfidenceLevelMethods with data set &quot;high&quot;" file="/app/tests/Unit/Models/Response/AskResponseTest.php" line="256" class="RagApi\PhpClient\Tests\Unit\Models\Response\AskResponseTest" classname="RagApi.PhpClient.Tests.Unit.Models.Response.AskResponseTest" assertions="2" time="0.000067"/>
          <testcase name="testConfidenceLevelMethods with data set &quot;medium&quot;" file="/app/tests/Unit/Models/Response/AskResponseTest.php" line="256" class="RagApi\PhpClient\Tests\Unit\Models\Response\AskResponseTest" classname="RagApi.PhpClient.Tests.Unit.Models.Response.AskResponseTest" assertions="2" time="0.000061"/>
          <testcase name="testConfidenceLevelMethods with data set &quot;low&quot;" file="/app/tests/Unit/Models/Response/AskResponseTest.php" line="256" class="RagApi\PhpClient\Tests\Unit\Models\Response\AskResponseTest" classname="RagApi.PhpClient.Tests.Unit.Models.Response.AskResponseTest" assertions="2" time="0.000059"/>
          <testcase name="testConfidenceLevelMethods with data set &quot;very_low&quot;" file="/app/tests/Unit/Models/Response/AskResponseTest.php" line="256" class="RagApi\PhpClient\Tests\Unit\Models\Response\AskResponseTest" classname="RagApi.PhpClient.Tests.Unit.Models.Response.AskResponseTest" assertions="2" time="0.000059"/>
        </testsuite>
        <testsuite name="RagApi\PhpClient\Tests\Unit\Models\Response\AskResponseTest::testStatusMethods" tests="5" assertions="10" errors="0" failures="0" skipped="0" time="0.000296">
          <testcase name="testStatusMethods with data set &quot;success&quot;" file="/app/tests/Unit/Models/Response/AskResponseTest.php" line="279" class="RagApi\PhpClient\Tests\Unit\Models\Response\AskResponseTest" classname="RagApi.PhpClient.Tests.Unit.Models.Response.AskResponseTest" assertions="2" time="0.000071"/>
          <testcase name="testStatusMethods with data set &quot;error&quot;" file="/app/tests/Unit/Models/Response/AskResponseTest.php" line="279" class="RagApi\PhpClient\Tests\Unit\Models\Response\AskResponseTest" classname="RagApi.PhpClient.Tests.Unit.Models.Response.AskResponseTest" assertions="2" time="0.000060"/>
          <testcase name="testStatusMethods with data set &quot;failed&quot;" file="/app/tests/Unit/Models/Response/AskResponseTest.php" line="279" class="RagApi\PhpClient\Tests\Unit\Models\Response\AskResponseTest" classname="RagApi.PhpClient.Tests.Unit.Models.Response.AskResponseTest" assertions="2" time="0.000058"/>
          <testcase name="testStatusMethods with data set &quot;timeout&quot;" file="/app/tests/Unit/Models/Response/AskResponseTest.php" line="279" class="RagApi\PhpClient\Tests\Unit\Models\Response\AskResponseTest" classname="RagApi.PhpClient.Tests.Unit.Models.Response.AskResponseTest" assertions="2" time="0.000054"/>
          <testcase name="testStatusMethods with data set &quot;invalid&quot;" file="/app/tests/Unit/Models/Response/AskResponseTest.php" line="279" class="RagApi\PhpClient\Tests\Unit\Models\Response\AskResponseTest" classname="RagApi.PhpClient.Tests.Unit.Models.Response.AskResponseTest" assertions="2" time="0.000053"/>
        </testsuite>
      </testsuite>
    </testsuite>
  </testsuite>
</testsuites>
