<?xml version="1.0" encoding="UTF-8"?>
<testsuites>
  <testsuite name="/app/phpunit.xml" tests="120" assertions="338" errors="0" failures="0" skipped="0" time="1.042422">
    <testsuite name="Unit Tests" tests="120" assertions="338" errors="0" failures="0" skipped="0" time="1.042422">
      <testsuite name="Netfield\RagClient\Tests\Unit\AdminClientTest" file="/app/tests/Unit/AdminClientTest.php" tests="4" assertions="13" errors="0" failures="0" skipped="0" time="0.008700">
        <testcase name="testCreateOrganization" file="/app/tests/Unit/AdminClientTest.php" line="32" class="Netfield\RagClient\Tests\Unit\AdminClientTest" classname="Netfield.RagClient.Tests.Unit.AdminClientTest" assertions="4" time="0.007586"/>
        <testcase name="testListOrganizations" file="/app/tests/Unit/AdminClientTest.php" line="61" class="Netfield\RagClient\Tests\Unit\AdminClientTest" classname="Netfield.RagClient.Tests.Unit.AdminClientTest" assertions="4" time="0.000599"/>
        <testcase name="testDeactivateOrganization" file="/app/tests/Unit/AdminClientTest.php" line="88" class="Netfield\RagClient\Tests\Unit\AdminClientTest" classname="Netfield.RagClient.Tests.Unit.AdminClientTest" assertions="2" time="0.000262"/>
        <testcase name="testGetAdminStatus" file="/app/tests/Unit/AdminClientTest.php" line="105" class="Netfield\RagClient\Tests\Unit\AdminClientTest" classname="Netfield.RagClient.Tests.Unit.AdminClientTest" assertions="3" time="0.000254"/>
      </testsuite>
      <testsuite name="Netfield\RagClient\Tests\Unit\Auth\JwtAuthenticatorTest" file="/app/tests/Unit/Auth/JwtAuthenticatorTest.php" tests="16" assertions="34" errors="0" failures="0" skipped="0" time="1.005817">
        <testcase name="testConstructorWithValidToken" file="/app/tests/Unit/Auth/JwtAuthenticatorTest.php" line="21" class="Netfield\RagClient\Tests\Unit\Auth\JwtAuthenticatorTest" classname="Netfield.RagClient.Tests.Unit.Auth.JwtAuthenticatorTest" assertions="1" time="0.000129"/>
        <testcase name="testConstructorWithEmptyToken" file="/app/tests/Unit/Auth/JwtAuthenticatorTest.php" line="27" class="Netfield\RagClient\Tests\Unit\Auth\JwtAuthenticatorTest" classname="Netfield.RagClient.Tests.Unit.Auth.JwtAuthenticatorTest" assertions="2" time="0.000477"/>
        <testcase name="testConstructorWithInvalidTokenFormat" file="/app/tests/Unit/Auth/JwtAuthenticatorTest.php" line="35" class="Netfield\RagClient\Tests\Unit\Auth\JwtAuthenticatorTest" classname="Netfield.RagClient.Tests.Unit.Auth.JwtAuthenticatorTest" assertions="2" time="0.000134"/>
        <testcase name="testGetHeaders" file="/app/tests/Unit/Auth/JwtAuthenticatorTest.php" line="43" class="Netfield\RagClient\Tests\Unit\Auth\JwtAuthenticatorTest" classname="Netfield.RagClient.Tests.Unit.Auth.JwtAuthenticatorTest" assertions="4" time="0.000289"/>
        <testcase name="testGetTenantId" file="/app/tests/Unit/Auth/JwtAuthenticatorTest.php" line="54" class="Netfield\RagClient\Tests\Unit\Auth\JwtAuthenticatorTest" classname="Netfield.RagClient.Tests.Unit.Auth.JwtAuthenticatorTest" assertions="1" time="0.000116"/>
        <testcase name="testIsTokenValid" file="/app/tests/Unit/Auth/JwtAuthenticatorTest.php" line="62" class="Netfield\RagClient\Tests\Unit\Auth\JwtAuthenticatorTest" classname="Netfield.RagClient.Tests.Unit.Auth.JwtAuthenticatorTest" assertions="1" time="0.000163"/>
        <testcase name="testIsTokenValidWithExpiredToken" file="/app/tests/Unit/Auth/JwtAuthenticatorTest.php" line="68" class="Netfield\RagClient\Tests\Unit\Auth\JwtAuthenticatorTest" classname="Netfield.RagClient.Tests.Unit.Auth.JwtAuthenticatorTest" assertions="1" time="1.000549"/>
        <testcase name="testGetTokenPayload" file="/app/tests/Unit/Auth/JwtAuthenticatorTest.php" line="80" class="Netfield\RagClient\Tests\Unit\Auth\JwtAuthenticatorTest" classname="Netfield.RagClient.Tests.Unit.Auth.JwtAuthenticatorTest" assertions="10" time="0.000983"/>
        <testcase name="testGenerateTestToken" file="/app/tests/Unit/Auth/JwtAuthenticatorTest.php" line="98" class="Netfield\RagClient\Tests\Unit\Auth\JwtAuthenticatorTest" classname="Netfield.RagClient.Tests.Unit.Auth.JwtAuthenticatorTest" assertions="4" time="0.001183"/>
        <testcase name="testGenerateTestTokenWithCustomExpiration" file="/app/tests/Unit/Auth/JwtAuthenticatorTest.php" line="112" class="Netfield\RagClient\Tests\Unit\Auth\JwtAuthenticatorTest" classname="Netfield.RagClient.Tests.Unit.Auth.JwtAuthenticatorTest" assertions="1" time="0.000240"/>
        <testcase name="testGetTenantIdWithInvalidPayload" file="/app/tests/Unit/Auth/JwtAuthenticatorTest.php" line="122" class="Netfield\RagClient\Tests\Unit\Auth\JwtAuthenticatorTest" classname="Netfield.RagClient.Tests.Unit.Auth.JwtAuthenticatorTest" assertions="1" time="0.000196"/>
        <testcase name="testDecodeTokenWithInvalidToken" file="/app/tests/Unit/Auth/JwtAuthenticatorTest.php" line="131" class="Netfield\RagClient\Tests\Unit\Auth\JwtAuthenticatorTest" classname="Netfield.RagClient.Tests.Unit.Auth.JwtAuthenticatorTest" assertions="2" time="0.000248"/>
        <testsuite name="Netfield\RagClient\Tests\Unit\Auth\JwtAuthenticatorTest::testTokenValidationScenarios" tests="4" assertions="4" errors="0" failures="0" skipped="0" time="0.001112">
          <testcase name="testTokenValidationScenarios with data set &quot;valid_token&quot;" file="/app/tests/Unit/Auth/JwtAuthenticatorTest.php" line="151" class="Netfield\RagClient\Tests\Unit\Auth\JwtAuthenticatorTest" classname="Netfield.RagClient.Tests.Unit.Auth.JwtAuthenticatorTest" assertions="1" time="0.000307"/>
          <testcase name="testTokenValidationScenarios with data set &quot;expired_token&quot;" file="/app/tests/Unit/Auth/JwtAuthenticatorTest.php" line="151" class="Netfield\RagClient\Tests\Unit\Auth\JwtAuthenticatorTest" classname="Netfield.RagClient.Tests.Unit.Auth.JwtAuthenticatorTest" assertions="1" time="0.000275"/>
          <testcase name="testTokenValidationScenarios with data set &quot;not_before_future&quot;" file="/app/tests/Unit/Auth/JwtAuthenticatorTest.php" line="151" class="Netfield\RagClient\Tests\Unit\Auth\JwtAuthenticatorTest" classname="Netfield.RagClient.Tests.Unit.Auth.JwtAuthenticatorTest" assertions="1" time="0.000276"/>
          <testcase name="testTokenValidationScenarios with data set &quot;not_before_past&quot;" file="/app/tests/Unit/Auth/JwtAuthenticatorTest.php" line="151" class="Netfield\RagClient\Tests\Unit\Auth\JwtAuthenticatorTest" classname="Netfield.RagClient.Tests.Unit.Auth.JwtAuthenticatorTest" assertions="1" time="0.000254"/>
        </testsuite>
      </testsuite>
      <testsuite name="Netfield\RagClient\Tests\Unit\JwtAuthenticatorExtendedTest" file="/app/tests/Unit/JwtAuthenticatorExtendedTest.php" tests="7" assertions="29" errors="0" failures="0" skipped="0" time="0.002884">
        <testcase name="testGenerateAdminTestToken" file="/app/tests/Unit/JwtAuthenticatorExtendedTest.php" line="14" class="Netfield\RagClient\Tests\Unit\JwtAuthenticatorExtendedTest" classname="Netfield.RagClient.Tests.Unit.JwtAuthenticatorExtendedTest" assertions="6" time="0.000549"/>
        <testcase name="testGenerateOrganizationTestToken" file="/app/tests/Unit/JwtAuthenticatorExtendedTest.php" line="31" class="Netfield\RagClient\Tests\Unit\JwtAuthenticatorExtendedTest" classname="Netfield.RagClient.Tests.Unit.JwtAuthenticatorExtendedTest" assertions="7" time="0.000341"/>
        <testcase name="testAdminTokenWithCustomExpiration" file="/app/tests/Unit/JwtAuthenticatorExtendedTest.php" line="50" class="Netfield\RagClient\Tests\Unit\JwtAuthenticatorExtendedTest" classname="Netfield.RagClient.Tests.Unit.JwtAuthenticatorExtendedTest" assertions="4" time="0.000975"/>
        <testcase name="testOrganizationTokenWithCustomSecret" file="/app/tests/Unit/JwtAuthenticatorExtendedTest.php" line="62" class="Netfield\RagClient\Tests\Unit\JwtAuthenticatorExtendedTest" classname="Netfield.RagClient.Tests.Unit.JwtAuthenticatorExtendedTest" assertions="4" time="0.000343"/>
        <testcase name="testTokenExpirationValidation" file="/app/tests/Unit/JwtAuthenticatorExtendedTest.php" line="78" class="Netfield\RagClient\Tests\Unit\JwtAuthenticatorExtendedTest" classname="Netfield.RagClient.Tests.Unit.JwtAuthenticatorExtendedTest" assertions="1" time="0.000186"/>
        <testcase name="testTokenWithFutureNotBefore" file="/app/tests/Unit/JwtAuthenticatorExtendedTest.php" line="97" class="Netfield\RagClient\Tests\Unit\JwtAuthenticatorExtendedTest" classname="Netfield.RagClient.Tests.Unit.JwtAuthenticatorExtendedTest" assertions="1" time="0.000165"/>
        <testcase name="testGetTokenPayloadForDifferentTokenTypes" file="/app/tests/Unit/JwtAuthenticatorExtendedTest.php" line="117" class="Netfield\RagClient\Tests\Unit\JwtAuthenticatorExtendedTest" classname="Netfield.RagClient.Tests.Unit.JwtAuthenticatorExtendedTest" assertions="6" time="0.000326"/>
      </testsuite>
      <testsuite name="Netfield\RagClient\Tests\Unit\Models\Request\AskRequestTest" file="/app/tests/Unit/Models/Request/AskRequestTest.php" tests="31" assertions="48" errors="0" failures="0" skipped="0" time="0.006128">
        <testcase name="testConstructorWithValidData" file="/app/tests/Unit/Models/Request/AskRequestTest.php" line="13" class="Netfield\RagClient\Tests\Unit\Models\Request\AskRequestTest" classname="Netfield.RagClient.Tests.Unit.Models.Request.AskRequestTest" assertions="3" time="0.000445"/>
        <testcase name="testConstructorWithDefaultValues" file="/app/tests/Unit/Models/Request/AskRequestTest.php" line="26" class="Netfield\RagClient\Tests\Unit\Models\Request\AskRequestTest" classname="Netfield.RagClient.Tests.Unit.Models.Request.AskRequestTest" assertions="3" time="0.000307"/>
        <testcase name="testSetQuestionWithValidInput" file="/app/tests/Unit/Models/Request/AskRequestTest.php" line="36" class="Netfield\RagClient\Tests\Unit\Models\Request\AskRequestTest" classname="Netfield.RagClient.Tests.Unit.Models.Request.AskRequestTest" assertions="1" time="0.000170"/>
        <testcase name="testSetQuestionWithShortInput" file="/app/tests/Unit/Models/Request/AskRequestTest.php" line="46" class="Netfield\RagClient\Tests\Unit\Models\Request\AskRequestTest" classname="Netfield.RagClient.Tests.Unit.Models.Request.AskRequestTest" assertions="2" time="0.000217"/>
        <testcase name="testSetQuestionWithEmptyInput" file="/app/tests/Unit/Models/Request/AskRequestTest.php" line="55" class="Netfield\RagClient\Tests\Unit\Models\Request\AskRequestTest" classname="Netfield.RagClient.Tests.Unit.Models.Request.AskRequestTest" assertions="2" time="0.000190"/>
        <testcase name="testConstructorWithShortQuestion" file="/app/tests/Unit/Models/Request/AskRequestTest.php" line="64" class="Netfield\RagClient\Tests\Unit\Models\Request\AskRequestTest" classname="Netfield.RagClient.Tests.Unit.Models.Request.AskRequestTest" assertions="2" time="0.000167"/>
        <testcase name="testSetLimitWithValidValues" file="/app/tests/Unit/Models/Request/AskRequestTest.php" line="72" class="Netfield\RagClient\Tests\Unit\Models\Request\AskRequestTest" classname="Netfield.RagClient.Tests.Unit.Models.Request.AskRequestTest" assertions="3" time="0.000166"/>
        <testcase name="testSetLimitWithInvalidLowValue" file="/app/tests/Unit/Models/Request/AskRequestTest.php" line="86" class="Netfield\RagClient\Tests\Unit\Models\Request\AskRequestTest" classname="Netfield.RagClient.Tests.Unit.Models.Request.AskRequestTest" assertions="2" time="0.000155"/>
        <testcase name="testSetLimitWithInvalidHighValue" file="/app/tests/Unit/Models/Request/AskRequestTest.php" line="95" class="Netfield\RagClient\Tests\Unit\Models\Request\AskRequestTest" classname="Netfield.RagClient.Tests.Unit.Models.Request.AskRequestTest" assertions="2" time="0.000158"/>
        <testcase name="testConstructorWithInvalidLimit" file="/app/tests/Unit/Models/Request/AskRequestTest.php" line="104" class="Netfield\RagClient\Tests\Unit\Models\Request\AskRequestTest" classname="Netfield.RagClient.Tests.Unit.Models.Request.AskRequestTest" assertions="2" time="0.000153"/>
        <testcase name="testSetFilters" file="/app/tests/Unit/Models/Request/AskRequestTest.php" line="112" class="Netfield\RagClient\Tests\Unit\Models\Request\AskRequestTest" classname="Netfield.RagClient.Tests.Unit.Models.Request.AskRequestTest" assertions="1" time="0.000170"/>
        <testcase name="testSetFiltersToNull" file="/app/tests/Unit/Models/Request/AskRequestTest.php" line="126" class="Netfield\RagClient\Tests\Unit\Models\Request\AskRequestTest" classname="Netfield.RagClient.Tests.Unit.Models.Request.AskRequestTest" assertions="1" time="0.000130"/>
        <testcase name="testToArray" file="/app/tests/Unit/Models/Request/AskRequestTest.php" line="135" class="Netfield\RagClient\Tests\Unit\Models\Request\AskRequestTest" classname="Netfield.RagClient.Tests.Unit.Models.Request.AskRequestTest" assertions="1" time="0.000192"/>
        <testcase name="testToArrayWithoutFilters" file="/app/tests/Unit/Models/Request/AskRequestTest.php" line="153" class="Netfield\RagClient\Tests\Unit\Models\Request\AskRequestTest" classname="Netfield.RagClient.Tests.Unit.Models.Request.AskRequestTest" assertions="2" time="0.000251"/>
        <testcase name="testFromArray" file="/app/tests/Unit/Models/Request/AskRequestTest.php" line="170" class="Netfield\RagClient\Tests\Unit\Models\Request\AskRequestTest" classname="Netfield.RagClient.Tests.Unit.Models.Request.AskRequestTest" assertions="3" time="0.000207"/>
        <testcase name="testFromArrayWithDefaults" file="/app/tests/Unit/Models/Request/AskRequestTest.php" line="185" class="Netfield\RagClient\Tests\Unit\Models\Request\AskRequestTest" classname="Netfield.RagClient.Tests.Unit.Models.Request.AskRequestTest" assertions="3" time="0.000185"/>
        <testcase name="testFromArrayWithInvalidData" file="/app/tests/Unit/Models/Request/AskRequestTest.php" line="198" class="Netfield\RagClient\Tests\Unit\Models\Request\AskRequestTest" classname="Netfield.RagClient.Tests.Unit.Models.Request.AskRequestTest" assertions="1" time="0.000165"/>
        <testsuite name="Netfield\RagClient\Tests\Unit\Models\Request\AskRequestTest::testQuestionValidation" tests="7" assertions="7" errors="0" failures="0" skipped="0" time="0.001874">
          <testcase name="testQuestionValidation with data set &quot;valid_short_question&quot;" file="/app/tests/Unit/Models/Request/AskRequestTest.php" line="213" class="Netfield\RagClient\Tests\Unit\Models\Request\AskRequestTest" classname="Netfield.RagClient.Tests.Unit.Models.Request.AskRequestTest" assertions="1" time="0.000226"/>
          <testcase name="testQuestionValidation with data set &quot;valid_long_question&quot;" file="/app/tests/Unit/Models/Request/AskRequestTest.php" line="213" class="Netfield\RagClient\Tests\Unit\Models\Request\AskRequestTest" classname="Netfield.RagClient.Tests.Unit.Models.Request.AskRequestTest" assertions="1" time="0.000257"/>
          <testcase name="testQuestionValidation with data set &quot;valid_with_whitespace&quot;" file="/app/tests/Unit/Models/Request/AskRequestTest.php" line="213" class="Netfield\RagClient\Tests\Unit\Models\Request\AskRequestTest" classname="Netfield.RagClient.Tests.Unit.Models.Request.AskRequestTest" assertions="1" time="0.000217"/>
          <testcase name="testQuestionValidation with data set &quot;invalid_too_short&quot;" file="/app/tests/Unit/Models/Request/AskRequestTest.php" line="213" class="Netfield\RagClient\Tests\Unit\Models\Request\AskRequestTest" classname="Netfield.RagClient.Tests.Unit.Models.Request.AskRequestTest" assertions="1" time="0.000255"/>
          <testcase name="testQuestionValidation with data set &quot;invalid_empty&quot;" file="/app/tests/Unit/Models/Request/AskRequestTest.php" line="213" class="Netfield\RagClient\Tests\Unit\Models\Request\AskRequestTest" classname="Netfield.RagClient.Tests.Unit.Models.Request.AskRequestTest" assertions="1" time="0.000230"/>
          <testcase name="testQuestionValidation with data set &quot;invalid_only_spaces&quot;" file="/app/tests/Unit/Models/Request/AskRequestTest.php" line="213" class="Netfield\RagClient\Tests\Unit\Models\Request\AskRequestTest" classname="Netfield.RagClient.Tests.Unit.Models.Request.AskRequestTest" assertions="1" time="0.000220"/>
          <testcase name="testQuestionValidation with data set &quot;valid_exactly_3_chars&quot;" file="/app/tests/Unit/Models/Request/AskRequestTest.php" line="213" class="Netfield\RagClient\Tests\Unit\Models\Request\AskRequestTest" classname="Netfield.RagClient.Tests.Unit.Models.Request.AskRequestTest" assertions="1" time="0.000469"/>
        </testsuite>
        <testsuite name="Netfield\RagClient\Tests\Unit\Models\Request\AskRequestTest::testLimitValidation" tests="7" assertions="7" errors="0" failures="0" skipped="0" time="0.000826">
          <testcase name="testLimitValidation with data set &quot;valid_min&quot;" file="/app/tests/Unit/Models/Request/AskRequestTest.php" line="242" class="Netfield\RagClient\Tests\Unit\Models\Request\AskRequestTest" classname="Netfield.RagClient.Tests.Unit.Models.Request.AskRequestTest" assertions="1" time="0.000240"/>
          <testcase name="testLimitValidation with data set &quot;valid_max&quot;" file="/app/tests/Unit/Models/Request/AskRequestTest.php" line="242" class="Netfield\RagClient\Tests\Unit\Models\Request\AskRequestTest" classname="Netfield.RagClient.Tests.Unit.Models.Request.AskRequestTest" assertions="1" time="0.000113"/>
          <testcase name="testLimitValidation with data set &quot;valid_middle&quot;" file="/app/tests/Unit/Models/Request/AskRequestTest.php" line="242" class="Netfield\RagClient\Tests\Unit\Models\Request\AskRequestTest" classname="Netfield.RagClient.Tests.Unit.Models.Request.AskRequestTest" assertions="1" time="0.000091"/>
          <testcase name="testLimitValidation with data set &quot;invalid_zero&quot;" file="/app/tests/Unit/Models/Request/AskRequestTest.php" line="242" class="Netfield\RagClient\Tests\Unit\Models\Request\AskRequestTest" classname="Netfield.RagClient.Tests.Unit.Models.Request.AskRequestTest" assertions="1" time="0.000107"/>
          <testcase name="testLimitValidation with data set &quot;invalid_negative&quot;" file="/app/tests/Unit/Models/Request/AskRequestTest.php" line="242" class="Netfield\RagClient\Tests\Unit\Models\Request\AskRequestTest" classname="Netfield.RagClient.Tests.Unit.Models.Request.AskRequestTest" assertions="1" time="0.000093"/>
          <testcase name="testLimitValidation with data set &quot;invalid_too_high&quot;" file="/app/tests/Unit/Models/Request/AskRequestTest.php" line="242" class="Netfield\RagClient\Tests\Unit\Models\Request\AskRequestTest" classname="Netfield.RagClient.Tests.Unit.Models.Request.AskRequestTest" assertions="1" time="0.000091"/>
          <testcase name="testLimitValidation with data set &quot;invalid_very_high&quot;" file="/app/tests/Unit/Models/Request/AskRequestTest.php" line="242" class="Netfield\RagClient\Tests\Unit\Models\Request\AskRequestTest" classname="Netfield.RagClient.Tests.Unit.Models.Request.AskRequestTest" assertions="1" time="0.000091"/>
        </testsuite>
      </testsuite>
      <testsuite name="Netfield\RagClient\Tests\Unit\Models\Request\IndexDocumentRequestTest" file="/app/tests/Unit/Models/Request/IndexDocumentRequestTest.php" tests="30" assertions="65" errors="0" failures="0" skipped="0" time="0.007040">
        <testcase name="testConstructorWithValidData" file="/app/tests/Unit/Models/Request/IndexDocumentRequestTest.php" line="24" class="Netfield\RagClient\Tests\Unit\Models\Request\IndexDocumentRequestTest" classname="Netfield.RagClient.Tests.Unit.Models.Request.IndexDocumentRequestTest" assertions="5" time="0.000538"/>
        <testcase name="testConstructorWithMinimalData" file="/app/tests/Unit/Models/Request/IndexDocumentRequestTest.php" line="46" class="Netfield\RagClient\Tests\Unit\Models\Request\IndexDocumentRequestTest" classname="Netfield.RagClient.Tests.Unit.Models.Request.IndexDocumentRequestTest" assertions="5" time="0.000149"/>
        <testcase name="testSetDocumentIdWithValidValues" file="/app/tests/Unit/Models/Request/IndexDocumentRequestTest.php" line="64" class="Netfield\RagClient\Tests\Unit\Models\Request\IndexDocumentRequestTest" classname="Netfield.RagClient.Tests.Unit.Models.Request.IndexDocumentRequestTest" assertions="3" time="0.000118"/>
        <testcase name="testSetDocumentIdWithEmptyString" file="/app/tests/Unit/Models/Request/IndexDocumentRequestTest.php" line="79" class="Netfield\RagClient\Tests\Unit\Models\Request\IndexDocumentRequestTest" classname="Netfield.RagClient.Tests.Unit.Models.Request.IndexDocumentRequestTest" assertions="2" time="0.000124"/>
        <testcase name="testSetDocumentIdWithWhitespace" file="/app/tests/Unit/Models/Request/IndexDocumentRequestTest.php" line="88" class="Netfield\RagClient\Tests\Unit\Models\Request\IndexDocumentRequestTest" classname="Netfield.RagClient.Tests.Unit.Models.Request.IndexDocumentRequestTest" assertions="2" time="0.000114"/>
        <testcase name="testConstructorWithEmptyDocumentId" file="/app/tests/Unit/Models/Request/IndexDocumentRequestTest.php" line="97" class="Netfield\RagClient\Tests\Unit\Models\Request\IndexDocumentRequestTest" classname="Netfield.RagClient.Tests.Unit.Models.Request.IndexDocumentRequestTest" assertions="2" time="0.000111"/>
        <testcase name="testSetTenantIdWithValidValues" file="/app/tests/Unit/Models/Request/IndexDocumentRequestTest.php" line="105" class="Netfield\RagClient\Tests\Unit\Models\Request\IndexDocumentRequestTest" classname="Netfield.RagClient.Tests.Unit.Models.Request.IndexDocumentRequestTest" assertions="3" time="0.000109"/>
        <testcase name="testSetTenantIdWithEmptyString" file="/app/tests/Unit/Models/Request/IndexDocumentRequestTest.php" line="119" class="Netfield\RagClient\Tests\Unit\Models\Request\IndexDocumentRequestTest" classname="Netfield.RagClient.Tests.Unit.Models.Request.IndexDocumentRequestTest" assertions="2" time="0.000102"/>
        <testcase name="testSetTenantIdWithWhitespace" file="/app/tests/Unit/Models/Request/IndexDocumentRequestTest.php" line="128" class="Netfield\RagClient\Tests\Unit\Models\Request\IndexDocumentRequestTest" classname="Netfield.RagClient.Tests.Unit.Models.Request.IndexDocumentRequestTest" assertions="2" time="0.000103"/>
        <testcase name="testConstructorWithEmptyTenantId" file="/app/tests/Unit/Models/Request/IndexDocumentRequestTest.php" line="137" class="Netfield\RagClient\Tests\Unit\Models\Request\IndexDocumentRequestTest" classname="Netfield.RagClient.Tests.Unit.Models.Request.IndexDocumentRequestTest" assertions="2" time="0.000108"/>
        <testcase name="testSetContent" file="/app/tests/Unit/Models/Request/IndexDocumentRequestTest.php" line="145" class="Netfield\RagClient\Tests\Unit\Models\Request\IndexDocumentRequestTest" classname="Netfield.RagClient.Tests.Unit.Models.Request.IndexDocumentRequestTest" assertions="2" time="0.000109"/>
        <testcase name="testSetDocumentInfo" file="/app/tests/Unit/Models/Request/IndexDocumentRequestTest.php" line="157" class="Netfield\RagClient\Tests\Unit\Models\Request\IndexDocumentRequestTest" classname="Netfield.RagClient.Tests.Unit.Models.Request.IndexDocumentRequestTest" assertions="1" time="0.000089"/>
        <testcase name="testSetMetadata" file="/app/tests/Unit/Models/Request/IndexDocumentRequestTest.php" line="166" class="Netfield\RagClient\Tests\Unit\Models\Request\IndexDocumentRequestTest" classname="Netfield.RagClient.Tests.Unit.Models.Request.IndexDocumentRequestTest" assertions="2" time="0.000145"/>
        <testcase name="testToArray" file="/app/tests/Unit/Models/Request/IndexDocumentRequestTest.php" line="184" class="Netfield\RagClient\Tests\Unit\Models\Request\IndexDocumentRequestTest" classname="Netfield.RagClient.Tests.Unit.Models.Request.IndexDocumentRequestTest" assertions="1" time="0.000154"/>
        <testcase name="testToArrayWithoutOptionalFields" file="/app/tests/Unit/Models/Request/IndexDocumentRequestTest.php" line="212" class="Netfield\RagClient\Tests\Unit\Models\Request\IndexDocumentRequestTest" classname="Netfield.RagClient.Tests.Unit.Models.Request.IndexDocumentRequestTest" assertions="3" time="0.000215"/>
        <testcase name="testFromArray" file="/app/tests/Unit/Models/Request/IndexDocumentRequestTest.php" line="236" class="Netfield\RagClient\Tests\Unit\Models\Request\IndexDocumentRequestTest" classname="Netfield.RagClient.Tests.Unit.Models.Request.IndexDocumentRequestTest" assertions="6" time="0.000163"/>
        <testcase name="testFromArrayWithMinimalData" file="/app/tests/Unit/Models/Request/IndexDocumentRequestTest.php" line="261" class="Netfield\RagClient\Tests\Unit\Models\Request\IndexDocumentRequestTest" classname="Netfield.RagClient.Tests.Unit.Models.Request.IndexDocumentRequestTest" assertions="4" time="0.000417"/>
        <testcase name="testFromArrayWithInvalidDocumentId" file="/app/tests/Unit/Models/Request/IndexDocumentRequestTest.php" line="280" class="Netfield\RagClient\Tests\Unit\Models\Request\IndexDocumentRequestTest" classname="Netfield.RagClient.Tests.Unit.Models.Request.IndexDocumentRequestTest" assertions="2" time="0.000325"/>
        <testsuite name="Netfield\RagClient\Tests\Unit\Models\Request\IndexDocumentRequestTest::testDocumentIdValidation" tests="6" assertions="8" errors="0" failures="0" skipped="0" time="0.002061">
          <testcase name="testDocumentIdValidation with data set &quot;valid_string&quot;" file="/app/tests/Unit/Models/Request/IndexDocumentRequestTest.php" line="300" class="Netfield\RagClient\Tests\Unit\Models\Request\IndexDocumentRequestTest" classname="Netfield.RagClient.Tests.Unit.Models.Request.IndexDocumentRequestTest" assertions="1" time="0.000369"/>
          <testcase name="testDocumentIdValidation with data set &quot;valid_numeric_string&quot;" file="/app/tests/Unit/Models/Request/IndexDocumentRequestTest.php" line="300" class="Netfield\RagClient\Tests\Unit\Models\Request\IndexDocumentRequestTest" classname="Netfield.RagClient.Tests.Unit.Models.Request.IndexDocumentRequestTest" assertions="1" time="0.000309"/>
          <testcase name="testDocumentIdValidation with data set &quot;valid_with_spaces&quot;" file="/app/tests/Unit/Models/Request/IndexDocumentRequestTest.php" line="300" class="Netfield\RagClient\Tests\Unit\Models\Request\IndexDocumentRequestTest" classname="Netfield.RagClient.Tests.Unit.Models.Request.IndexDocumentRequestTest" assertions="1" time="0.000321"/>
          <testcase name="testDocumentIdValidation with data set &quot;valid_special_chars&quot;" file="/app/tests/Unit/Models/Request/IndexDocumentRequestTest.php" line="300" class="Netfield\RagClient\Tests\Unit\Models\Request\IndexDocumentRequestTest" classname="Netfield.RagClient.Tests.Unit.Models.Request.IndexDocumentRequestTest" assertions="1" time="0.000287"/>
          <testcase name="testDocumentIdValidation with data set &quot;invalid_empty&quot;" file="/app/tests/Unit/Models/Request/IndexDocumentRequestTest.php" line="300" class="Netfield\RagClient\Tests\Unit\Models\Request\IndexDocumentRequestTest" classname="Netfield.RagClient.Tests.Unit.Models.Request.IndexDocumentRequestTest" assertions="2" time="0.000394"/>
          <testcase name="testDocumentIdValidation with data set &quot;invalid_only_spaces&quot;" file="/app/tests/Unit/Models/Request/IndexDocumentRequestTest.php" line="300" class="Netfield\RagClient\Tests\Unit\Models\Request\IndexDocumentRequestTest" classname="Netfield.RagClient.Tests.Unit.Models.Request.IndexDocumentRequestTest" assertions="2" time="0.000381"/>
        </testsuite>
        <testsuite name="Netfield\RagClient\Tests\Unit\Models\Request\IndexDocumentRequestTest::testTenantIdValidation" tests="6" assertions="8" errors="0" failures="0" skipped="0" time="0.001786">
          <testcase name="testTenantIdValidation with data set &quot;valid_string&quot;" file="/app/tests/Unit/Models/Request/IndexDocumentRequestTest.php" line="333" class="Netfield\RagClient\Tests\Unit\Models\Request\IndexDocumentRequestTest" classname="Netfield.RagClient.Tests.Unit.Models.Request.IndexDocumentRequestTest" assertions="1" time="0.000345"/>
          <testcase name="testTenantIdValidation with data set &quot;valid_numeric_string&quot;" file="/app/tests/Unit/Models/Request/IndexDocumentRequestTest.php" line="333" class="Netfield\RagClient\Tests\Unit\Models\Request\IndexDocumentRequestTest" classname="Netfield.RagClient.Tests.Unit.Models.Request.IndexDocumentRequestTest" assertions="1" time="0.000294"/>
          <testcase name="testTenantIdValidation with data set &quot;valid_with_spaces&quot;" file="/app/tests/Unit/Models/Request/IndexDocumentRequestTest.php" line="333" class="Netfield\RagClient\Tests\Unit\Models\Request\IndexDocumentRequestTest" classname="Netfield.RagClient.Tests.Unit.Models.Request.IndexDocumentRequestTest" assertions="1" time="0.000280"/>
          <testcase name="testTenantIdValidation with data set &quot;valid_special_chars&quot;" file="/app/tests/Unit/Models/Request/IndexDocumentRequestTest.php" line="333" class="Netfield\RagClient\Tests\Unit\Models\Request\IndexDocumentRequestTest" classname="Netfield.RagClient.Tests.Unit.Models.Request.IndexDocumentRequestTest" assertions="1" time="0.000268"/>
          <testcase name="testTenantIdValidation with data set &quot;invalid_empty&quot;" file="/app/tests/Unit/Models/Request/IndexDocumentRequestTest.php" line="333" class="Netfield\RagClient\Tests\Unit\Models\Request\IndexDocumentRequestTest" classname="Netfield.RagClient.Tests.Unit.Models.Request.IndexDocumentRequestTest" assertions="2" time="0.000307"/>
          <testcase name="testTenantIdValidation with data set &quot;invalid_only_spaces&quot;" file="/app/tests/Unit/Models/Request/IndexDocumentRequestTest.php" line="333" class="Netfield\RagClient\Tests\Unit\Models\Request\IndexDocumentRequestTest" classname="Netfield.RagClient.Tests.Unit.Models.Request.IndexDocumentRequestTest" assertions="2" time="0.000291"/>
        </testsuite>
      </testsuite>
      <testsuite name="Netfield\RagClient\Tests\Unit\Models\Response\AskResponseTest" file="/app/tests/Unit/Models/Response/AskResponseTest.php" tests="19" assertions="95" errors="0" failures="0" skipped="0" time="0.004634">
        <testcase name="testConstructorWithMinimalData" file="/app/tests/Unit/Models/Response/AskResponseTest.php" line="62" class="Netfield\RagClient\Tests\Unit\Models\Response\AskResponseTest" classname="Netfield.RagClient.Tests.Unit.Models.Response.AskResponseTest" assertions="13" time="0.001048"/>
        <testcase name="testConstructorWithFullData" file="/app/tests/Unit/Models/Response/AskResponseTest.php" line="90" class="Netfield\RagClient\Tests\Unit\Models\Response\AskResponseTest" classname="Netfield.RagClient.Tests.Unit.Models.Response.AskResponseTest" assertions="13" time="0.000391"/>
        <testcase name="testIsSuccessful" file="/app/tests/Unit/Models/Response/AskResponseTest.php" line="123" class="Netfield\RagClient\Tests\Unit\Models\Response\AskResponseTest" classname="Netfield.RagClient.Tests.Unit.Models.Response.AskResponseTest" assertions="3" time="0.000136"/>
        <testcase name="testHasHighConfidence" file="/app/tests/Unit/Models/Response/AskResponseTest.php" line="137" class="Netfield\RagClient\Tests\Unit\Models\Response\AskResponseTest" classname="Netfield.RagClient.Tests.Unit.Models.Response.AskResponseTest" assertions="6" time="0.000145"/>
        <testcase name="testFromArrayWithMinimalData" file="/app/tests/Unit/Models/Response/AskResponseTest.php" line="170" class="Netfield\RagClient\Tests\Unit\Models\Response\AskResponseTest" classname="Netfield.RagClient.Tests.Unit.Models.Response.AskResponseTest" assertions="6" time="0.000162"/>
        <testcase name="testFromArrayWithFullData" file="/app/tests/Unit/Models/Response/AskResponseTest.php" line="182" class="Netfield\RagClient\Tests\Unit\Models\Response\AskResponseTest" classname="Netfield.RagClient.Tests.Unit.Models.Response.AskResponseTest" assertions="13" time="0.000307"/>
        <testcase name="testToArrayWithMinimalData" file="/app/tests/Unit/Models/Response/AskResponseTest.php" line="201" class="Netfield\RagClient\Tests\Unit\Models\Response\AskResponseTest" classname="Netfield.RagClient.Tests.Unit.Models.Response.AskResponseTest" assertions="13" time="0.000394"/>
        <testcase name="testToArrayWithFullData" file="/app/tests/Unit/Models/Response/AskResponseTest.php" line="223" class="Netfield\RagClient\Tests\Unit\Models\Response\AskResponseTest" classname="Netfield.RagClient.Tests.Unit.Models.Response.AskResponseTest" assertions="1" time="0.000252"/>
        <testcase name="testRoundTripSerialization" file="/app/tests/Unit/Models/Response/AskResponseTest.php" line="231" class="Netfield\RagClient\Tests\Unit\Models\Response\AskResponseTest" classname="Netfield.RagClient.Tests.Unit.Models.Response.AskResponseTest" assertions="7" time="0.000192"/>
        <testsuite name="Netfield\RagClient\Tests\Unit\Models\Response\AskResponseTest::testConfidenceLevelMethods" tests="5" assertions="10" errors="0" failures="0" skipped="0" time="0.000840">
          <testcase name="testConfidenceLevelMethods with data set &quot;very_high&quot;" file="/app/tests/Unit/Models/Response/AskResponseTest.php" line="256" class="Netfield\RagClient\Tests\Unit\Models\Response\AskResponseTest" classname="Netfield.RagClient.Tests.Unit.Models.Response.AskResponseTest" assertions="2" time="0.000218"/>
          <testcase name="testConfidenceLevelMethods with data set &quot;high&quot;" file="/app/tests/Unit/Models/Response/AskResponseTest.php" line="256" class="Netfield\RagClient\Tests\Unit\Models\Response\AskResponseTest" classname="Netfield.RagClient.Tests.Unit.Models.Response.AskResponseTest" assertions="2" time="0.000162"/>
          <testcase name="testConfidenceLevelMethods with data set &quot;medium&quot;" file="/app/tests/Unit/Models/Response/AskResponseTest.php" line="256" class="Netfield\RagClient\Tests\Unit\Models\Response\AskResponseTest" classname="Netfield.RagClient.Tests.Unit.Models.Response.AskResponseTest" assertions="2" time="0.000154"/>
          <testcase name="testConfidenceLevelMethods with data set &quot;low&quot;" file="/app/tests/Unit/Models/Response/AskResponseTest.php" line="256" class="Netfield\RagClient\Tests\Unit\Models\Response\AskResponseTest" classname="Netfield.RagClient.Tests.Unit.Models.Response.AskResponseTest" assertions="2" time="0.000146"/>
          <testcase name="testConfidenceLevelMethods with data set &quot;very_low&quot;" file="/app/tests/Unit/Models/Response/AskResponseTest.php" line="256" class="Netfield\RagClient\Tests\Unit\Models\Response\AskResponseTest" classname="Netfield.RagClient.Tests.Unit.Models.Response.AskResponseTest" assertions="2" time="0.000161"/>
        </testsuite>
        <testsuite name="Netfield\RagClient\Tests\Unit\Models\Response\AskResponseTest::testStatusMethods" tests="5" assertions="10" errors="0" failures="0" skipped="0" time="0.000766">
          <testcase name="testStatusMethods with data set &quot;success&quot;" file="/app/tests/Unit/Models/Response/AskResponseTest.php" line="279" class="Netfield\RagClient\Tests\Unit\Models\Response\AskResponseTest" classname="Netfield.RagClient.Tests.Unit.Models.Response.AskResponseTest" assertions="2" time="0.000162"/>
          <testcase name="testStatusMethods with data set &quot;error&quot;" file="/app/tests/Unit/Models/Response/AskResponseTest.php" line="279" class="Netfield\RagClient\Tests\Unit\Models\Response\AskResponseTest" classname="Netfield.RagClient.Tests.Unit.Models.Response.AskResponseTest" assertions="2" time="0.000147"/>
          <testcase name="testStatusMethods with data set &quot;failed&quot;" file="/app/tests/Unit/Models/Response/AskResponseTest.php" line="279" class="Netfield\RagClient\Tests\Unit\Models\Response\AskResponseTest" classname="Netfield.RagClient.Tests.Unit.Models.Response.AskResponseTest" assertions="2" time="0.000146"/>
          <testcase name="testStatusMethods with data set &quot;timeout&quot;" file="/app/tests/Unit/Models/Response/AskResponseTest.php" line="279" class="Netfield\RagClient\Tests\Unit\Models\Response\AskResponseTest" classname="Netfield.RagClient.Tests.Unit.Models.Response.AskResponseTest" assertions="2" time="0.000150"/>
          <testcase name="testStatusMethods with data set &quot;invalid&quot;" file="/app/tests/Unit/Models/Response/AskResponseTest.php" line="279" class="Netfield\RagClient\Tests\Unit\Models\Response\AskResponseTest" classname="Netfield.RagClient.Tests.Unit.Models.Response.AskResponseTest" assertions="2" time="0.000161"/>
        </testsuite>
      </testsuite>
      <testsuite name="Netfield\RagClient\Tests\Unit\OrganizationClientTest" file="/app/tests/Unit/OrganizationClientTest.php" tests="5" assertions="20" errors="0" failures="0" skipped="0" time="0.003129">
        <testcase name="testCreateClientToken" file="/app/tests/Unit/OrganizationClientTest.php" line="32" class="Netfield\RagClient\Tests\Unit\OrganizationClientTest" classname="Netfield.RagClient.Tests.Unit.OrganizationClientTest" assertions="6" time="0.001419"/>
        <testcase name="testListMyClients" file="/app/tests/Unit/OrganizationClientTest.php" line="66" class="Netfield\RagClient\Tests\Unit\OrganizationClientTest" classname="Netfield.RagClient.Tests.Unit.OrganizationClientTest" assertions="5" time="0.000569"/>
        <testcase name="testDeactivateClient" file="/app/tests/Unit/OrganizationClientTest.php" line="99" class="Netfield\RagClient\Tests\Unit\OrganizationClientTest" classname="Netfield.RagClient.Tests.Unit.OrganizationClientTest" assertions="2" time="0.000369"/>
        <testcase name="testGetOrganizationInfo" file="/app/tests/Unit/OrganizationClientTest.php" line="116" class="Netfield\RagClient\Tests\Unit\OrganizationClientTest" classname="Netfield.RagClient.Tests.Unit.OrganizationClientTest" assertions="4" time="0.000382"/>
        <testcase name="testValidateClientToken" file="/app/tests/Unit/OrganizationClientTest.php" line="140" class="Netfield\RagClient\Tests\Unit\OrganizationClientTest" classname="Netfield.RagClient.Tests.Unit.OrganizationClientTest" assertions="3" time="0.000390"/>
      </testsuite>
      <testsuite name="Netfield\RagClient\Tests\Unit\RagClientExtendedTest" file="/app/tests/Unit/RagClientExtendedTest.php" tests="8" assertions="34" errors="0" failures="0" skipped="0" time="0.004090">
        <testcase name="testClassifyDocument" file="/app/tests/Unit/RagClientExtendedTest.php" line="30" class="Netfield\RagClient\Tests\Unit\RagClientExtendedTest" classname="Netfield.RagClient.Tests.Unit.RagClientExtendedTest" assertions="4" time="0.001557"/>
        <testcase name="testExtractMetadata" file="/app/tests/Unit/RagClientExtendedTest.php" line="56" class="Netfield\RagClient\Tests\Unit\RagClientExtendedTest" classname="Netfield.RagClient.Tests.Unit.RagClientExtendedTest" assertions="4" time="0.000355"/>
        <testcase name="testGetTaxonomyInfo" file="/app/tests/Unit/RagClientExtendedTest.php" line="78" class="Netfield\RagClient\Tests\Unit\RagClientExtendedTest" classname="Netfield.RagClient.Tests.Unit.RagClientExtendedTest" assertions="5" time="0.000361"/>
        <testcase name="testGetValidationSummary" file="/app/tests/Unit/RagClientExtendedTest.php" line="109" class="Netfield\RagClient\Tests\Unit\RagClientExtendedTest" classname="Netfield.RagClient.Tests.Unit.RagClientExtendedTest" assertions="5" time="0.000380"/>
        <testcase name="testGetPrometheusMetrics" file="/app/tests/Unit/RagClientExtendedTest.php" line="136" class="Netfield\RagClient\Tests\Unit\RagClientExtendedTest" classname="Netfield.RagClient.Tests.Unit.RagClientExtendedTest" assertions="3" time="0.000449"/>
        <testcase name="testGetDetailedHealthCheck" file="/app/tests/Unit/RagClientExtendedTest.php" line="156" class="Netfield\RagClient\Tests\Unit\RagClientExtendedTest" classname="Netfield.RagClient.Tests.Unit.RagClientExtendedTest" assertions="5" time="0.000389"/>
        <testcase name="testGetAvailableModels" file="/app/tests/Unit/RagClientExtendedTest.php" line="187" class="Netfield\RagClient\Tests\Unit\RagClientExtendedTest" classname="Netfield.RagClient.Tests.Unit.RagClientExtendedTest" assertions="4" time="0.000329"/>
        <testcase name="testGetConfidenceMetrics" file="/app/tests/Unit/RagClientExtendedTest.php" line="210" class="Netfield\RagClient\Tests\Unit\RagClientExtendedTest" classname="Netfield.RagClient.Tests.Unit.RagClientExtendedTest" assertions="4" time="0.000270"/>
      </testsuite>
    </testsuite>
  </testsuite>
</testsuites>
