<?xml version="1.0" encoding="UTF-8"?>
<testsuites>
  <testsuite name="/app/phpunit.xml" tests="12" assertions="61" errors="0" failures="0" skipped="0" time="4.213589">
    <testsuite name="Integration Tests" tests="12" assertions="61" errors="0" failures="0" skipped="0" time="4.213589">
      <testsuite name="Netfield\RagClient\Tests\Integration\RagClientIntegrationTest" file="/app/tests/Integration/RagClientIntegrationTest.php" tests="12" assertions="61" errors="0" failures="0" skipped="0" time="4.213589">
        <testcase name="testHealthCheck" file="/app/tests/Integration/RagClientIntegrationTest.php" line="44" class="Netfield\RagClient\Tests\Integration\RagClientIntegrationTest" classname="Netfield.RagClient.Tests.Integration.RagClientIntegrationTest" assertions="4" time="0.029250"/>
        <testcase name="testAskEndpoint" file="/app/tests/Integration/RagClientIntegrationTest.php" line="54" class="Netfield\RagClient\Tests\Integration\RagClientIntegrationTest" classname="Netfield.RagClient.Tests.Integration.RagClientIntegrationTest" assertions="15" time="0.060323"/>
        <testcase name="testIndexDocument" file="/app/tests/Integration/RagClientIntegrationTest.php" line="84" class="Netfield\RagClient\Tests\Integration\RagClientIntegrationTest" classname="Netfield.RagClient.Tests.Integration.RagClientIntegrationTest" assertions="6" time="0.005768"/>
        <testcase name="testBulkIndexDocuments" file="/app/tests/Integration/RagClientIntegrationTest.php" line="116" class="Netfield\RagClient\Tests\Integration\RagClientIntegrationTest" classname="Netfield.RagClient.Tests.Integration.RagClientIntegrationTest" assertions="9" time="0.014041"/>
        <testcase name="testAskStreamingEndpoint" file="/app/tests/Integration/RagClientIntegrationTest.php" line="156" class="Netfield\RagClient\Tests\Integration\RagClientIntegrationTest" classname="Netfield.RagClient.Tests.Integration.RagClientIntegrationTest" assertions="8" time="0.007361"/>
        <testcase name="testUpdateDocument" file="/app/tests/Integration/RagClientIntegrationTest.php" line="178" class="Netfield\RagClient\Tests\Integration\RagClientIntegrationTest" classname="Netfield.RagClient.Tests.Integration.RagClientIntegrationTest" assertions="5" time="1.016875"/>
        <testcase name="testDeleteDocument" file="/app/tests/Integration/RagClientIntegrationTest.php" line="226" class="Netfield\RagClient\Tests\Integration\RagClientIntegrationTest" classname="Netfield.RagClient.Tests.Integration.RagClientIntegrationTest" assertions="4" time="1.022554"/>
        <testcase name="testGetConfidenceThresholds" file="/app/tests/Integration/RagClientIntegrationTest.php" line="257" class="Netfield\RagClient\Tests\Integration\RagClientIntegrationTest" classname="Netfield.RagClient.Tests.Integration.RagClientIntegrationTest" assertions="1" time="0.008759"/>
        <testcase name="testGetIndexingStats" file="/app/tests/Integration/RagClientIntegrationTest.php" line="266" class="Netfield\RagClient\Tests\Integration\RagClientIntegrationTest" classname="Netfield.RagClient.Tests.Integration.RagClientIntegrationTest" assertions="1" time="0.011987"/>
        <testcase name="testErrorHandling" file="/app/tests/Integration/RagClientIntegrationTest.php" line="275" class="Netfield\RagClient\Tests\Integration\RagClientIntegrationTest" classname="Netfield.RagClient.Tests.Integration.RagClientIntegrationTest" assertions="1" time="0.000759"/>
        <testcase name="testAuthenticationError" file="/app/tests/Integration/RagClientIntegrationTest.php" line="282" class="Netfield\RagClient\Tests\Integration\RagClientIntegrationTest" classname="Netfield.RagClient.Tests.Integration.RagClientIntegrationTest" assertions="2" time="0.007985"/>
        <testcase name="testEndToEndWorkflow" file="/app/tests/Integration/RagClientIntegrationTest.php" line="296" class="Netfield\RagClient\Tests\Integration\RagClientIntegrationTest" classname="Netfield.RagClient.Tests.Integration.RagClientIntegrationTest" assertions="5" time="2.027926"/>
      </testsuite>
    </testsuite>
  </testsuite>
</testsuites>
